<?xml version="1.0" encoding="UTF-8"?>
<!-- Generated by org.testng.reporters.JUnitReportReporter -->
<testsuite skipped="0" hostname="Samiksha" name="appTests.NumberComparision" tests="1" failures="0" timestamp="13 Oct 2021 07:21:22 GMT" time="0.027" errors="0">
  <testcase name="intComparision" time="0.027" classname="appTests.NumberComparision"/>
</testsuite> <!-- appTests.NumberComparision -->
