<?xml version="1.0" encoding="UTF-8"?>
<!-- Generated by org.testng.reporters.JUnitReportReporter -->
<testsuite skipped="0" hostname="Samiksha" name="appTests.AppTest" tests="2" failures="0" timestamp="13 Oct 2021 07:37:44 GMT" time="0.025" errors="0">
  <testcase name="validLoginTest" time="0.006" classname="appTests.AppTest"/>
  <testcase name="invalidLoginTest" time="0.019" classname="appTests.AppTest"/>
</testsuite> <!-- appTests.AppTest -->
