<?xml version="1.0" encoding="UTF-8"?>
<!-- Generated by org.testng.reporters.JUnitReportReporter -->
<testsuite hostname="Samiksha" failures="0" tests="4" name="appTests.AppTest" time="0.018" errors="0" timestamp="13 Oct 2021 09:42:19 GMT" skipped="0">
  <testcase classname="appTests.AppTest" name="invalidLoginTest" time="0.001"/>
  <testcase classname="appTests.AppTest" name="validLoginTest" time="0.000"/>
  <testcase classname="appTests.AppTest" name="invalidLoginTest" time="0.016"/>
  <testcase classname="appTests.AppTest" name="validLoginTest" time="0.001"/>
</testsuite> <!-- appTests.AppTest -->
