<?xml version="1.0" encoding="UTF-8"?>
<!-- Generated by org.testng.reporters.JUnitReportReporter -->
<testsuite hostname="Samiksha" failures="0" tests="2" name="appTests.NumberComparision" time="0.001" errors="0" timestamp="13 Oct 2021 09:42:19 GMT" skipped="0">
  <testcase classname="appTests.NumberComparision" name="intComparision" time="0.001"/>
  <testcase classname="appTests.NumberComparision" name="intComparision" time="0.000"/>
</testsuite> <!-- appTests.NumberComparision -->
