<?xml version="1.0" encoding="UTF-8"?>
<!-- Generated by org.testng.reporters.JUnitReportReporter -->
<testsuite hostname="Samiksha" failures="0" tests="1" name="appTests.SeleniumDev" time="2.770" errors="0" timestamp="13 Oct 2021 09:42:19 GMT" skipped="0">
  <testcase classname="appTests.SeleniumDev" name="titleTest" time="2.770"/>
</testsuite> <!-- appTests.SeleniumDev -->
